c:\cocos2d-x\colorslide\proj.win32\debug.win32\vc120.pdb
c:\cocos2d-x\colorslide\proj.win32\debug.win32\appdelegate.obj
c:\cocos2d-x\colorslide\proj.win32\debug.win32\titlescene.obj
c:\cocos2d-x\colorslide\proj.win32\debug.win32\vc120.idb
c:\cocos2d-x\colorslide\proj.win32\debug.win32\resultscene.obj
c:\cocos2d-x\colorslide\proj.win32\debug.win32\gamescene.obj
c:\cocos2d-x\colorslide\proj.win32\debug.win32\splashscene.obj
c:\cocos2d-x\colorslide\proj.win32\debug.win32\settingscene.obj
c:\cocos2d-x\colorslide\proj.win32\debug.win32\colorslide.lib
c:\cocos2d-x\colorslide\proj.win32\debug.win32\colorslide.exp
c:\cocos2d-x\colorslide\proj.win32\debug.win32\colorslide.ilk
c:\cocos2d-x\colorslide\proj.win32\debug.win32\colorslide.exe
c:\cocos2d-x\colorslide\proj.win32\debug.win32\colorslide.pdb
c:\cocos2d-x\colorslide\proj.win32\debug.win32\game.res
c:\cocos2d-x\colorslide\proj.win32\debug.win32\block.obj
c:\cocos2d-x\colorslide\proj.win32\debug.win32\blockboard.obj
c:\cocos2d-x\colorslide\proj.win32\debug.win32\gamesharing.obj
c:\cocos2d-x\colorslide\proj.win32\debug.win32\helloworldscene.obj
c:\cocos2d-x\colorslide\proj.win32\debug.win32\main.obj
c:\cocos2d-x\colorslide\proj.win32\debug.win32\mymacro.obj
c:\cocos2d-x\colorslide\proj.win32\debug.win32\libcocos2d.exp
c:\cocos2d-x\colorslide\proj.win32\debug.win32\libcocos2d.pdb
c:\cocos2d-x\colorslide\proj.win32\debug.win32\colorslide.tlog\cl.command.1.tlog
c:\cocos2d-x\colorslide\proj.win32\debug.win32\colorslide.tlog\cl.read.1.tlog
c:\cocos2d-x\colorslide\proj.win32\debug.win32\colorslide.tlog\cl.write.1.tlog
c:\cocos2d-x\colorslide\proj.win32\debug.win32\colorslide.tlog\colorslide.write.1u.tlog
c:\cocos2d-x\colorslide\proj.win32\debug.win32\colorslide.tlog\link.command.1.tlog
c:\cocos2d-x\colorslide\proj.win32\debug.win32\colorslide.tlog\link.read.1.tlog
c:\cocos2d-x\colorslide\proj.win32\debug.win32\colorslide.tlog\link.write.1.tlog
c:\cocos2d-x\colorslide\proj.win32\debug.win32\colorslide.tlog\rc.command.1.tlog
c:\cocos2d-x\colorslide\proj.win32\debug.win32\colorslide.tlog\rc.read.1.tlog
c:\cocos2d-x\colorslide\proj.win32\debug.win32\colorslide.tlog\rc.write.1.tlog
